This is pdfTeX, Version 3.14159265-2.6-1.40.16 (TeX Live 2015/Debian) (preloaded format=pdflatex 2017.9.1)  24 OCT 2017 16:14
entering extended mode
 restricted \write18 enabled.
 %&-line parsing enabled.
**Tianlai_correlator.tex
(./Tianlai_correlator.tex
LaTeX2e <2016/02/01>
Babel <3.9q> and hyphenation patterns for 5 language(s) loaded.
(./ws-jai.cls
Document Class: ws-jai 1994/07/13 v1.2u Standard LaTeX document class
\draftrule=\dimen102
\minute=\count79
\hour=\count80
\trimheight=\dimen103
\trimwidth=\dimen104
\typeheight=\dimen105
\typewidth=\dimen106
\tempdimen=\dimen107
\tablewidth=\dimen108
\normaltextheight=\dimen109
\realtextheight=\dimen110
\tempbox=\box26
\tablewd=\dimen111
\clcount=\count81
\@tempcntc=\count82
\topsepm@th=\skip41
\c@section=\count83
\c@subsection=\count84
\c@subsubsection=\count85
\c@paragraph=\count86
\c@subparagraph=\count87
\abovecaptionskip=\skip42
\belowcaptionskip=\skip43
\captionbox=\box27
\c@figure=\count88
\c@table=\count89
\c@lemma=\count90
\c@corollary=\count91
\c@proposition=\count92
\c@definition=\count93
\c@example=\count94
\c@remark=\count95
\c@question=\count96
\c@notation=\count97
\c@theorem=\count98
\c@corollary=\count99
\c@lemma=\count100
\c@proposition=\count101
\c@definition=\count102
\c@example=\count103
\c@remark=\count104
\c@notation=\count105
\c@question=\count106
\bibindent=\dimen112
\c@appendixc=\count107
\c@subappendixc=\count108
\c@subsubappendixc=\count109
(/usr/share/texlive/texmf-dist/tex/latex/amsfonts/amsfonts.sty
Package: amsfonts 2013/01/14 v3.01 Basic AMSFonts support
\@emptytoks=\toks14
\symAMSa=\mathgroup4
\symAMSb=\mathgroup5
LaTeX Font Info:    Overwriting math alphabet `\mathfrak' in version `bold'
(Font)                  U/euf/m/n --> U/euf/b/n on input line 106.
)
(/usr/share/texlive/texmf-dist/tex/latex/amsfonts/amssymb.sty
Package: amssymb 2013/01/14 v3.01 AMS font symbols
)
(/usr/share/texlive/texmf-dist/tex/latex/amsmath/amsmath.sty
Package: amsmath 2016/03/03 v2.15a AMS math features
\@mathmargin=\skip44

For additional information on amsmath, use the `?' option.
(/usr/share/texlive/texmf-dist/tex/latex/amsmath/amstext.sty
Package: amstext 2000/06/29 v2.01 AMS text

(/usr/share/texlive/texmf-dist/tex/latex/amsmath/amsgen.sty
File: amsgen.sty 1999/11/30 v2.0 generic functions
\@emptytoks=\toks15
\ex@=\dimen113
))
(/usr/share/texlive/texmf-dist/tex/latex/amsmath/amsbsy.sty
Package: amsbsy 1999/11/29 v1.2d Bold Symbols
\pmbraise@=\dimen114
)
(/usr/share/texlive/texmf-dist/tex/latex/amsmath/amsopn.sty
Package: amsopn 1999/12/14 v2.01 operator names
)
\inf@bad=\count110
LaTeX Info: Redefining \frac on input line 199.
\uproot@=\count111
\leftroot@=\count112
LaTeX Info: Redefining \overline on input line 297.
\classnum@=\count113
\DOTSCASE@=\count114
LaTeX Info: Redefining \ldots on input line 394.
LaTeX Info: Redefining \dots on input line 397.
LaTeX Info: Redefining \cdots on input line 518.
\Mathstrutbox@=\box28
\strutbox@=\box29
\big@size=\dimen115
LaTeX Font Info:    Redeclaring font encoding OML on input line 630.
LaTeX Font Info:    Redeclaring font encoding OMS on input line 631.
\macc@depth=\count115
\c@MaxMatrixCols=\count116
\dotsspace@=\muskip10
\c@parentequation=\count117
\dspbrk@lvl=\count118
\tag@help=\toks16
\row@=\count119
\column@=\count120
\maxfields@=\count121
\andhelp@=\toks17
\eqnshift@=\dimen116
\alignsep@=\dimen117
\tagshift@=\dimen118
\tagwidth@=\dimen119
\totwidth@=\dimen120
\lineht@=\dimen121
\@envbody=\toks18
\multlinegap=\skip45
\multlinetaggap=\skip46
\mathdisplay@stack=\toks19
LaTeX Info: Redefining \[ on input line 2735.
LaTeX Info: Redefining \] on input line 2736.
)
(/usr/share/texlive/texmf-dist/tex/latex/graphics/graphicx.sty
Package: graphicx 2014/10/28 v1.0g Enhanced LaTeX Graphics (DPC,SPQR)

(/usr/share/texlive/texmf-dist/tex/latex/graphics/keyval.sty
Package: keyval 2014/10/28 v1.15 key=value parser (DPC)
\KV@toks@=\toks20
)
(/usr/share/texlive/texmf-dist/tex/latex/graphics/graphics.sty
Package: graphics 2016/01/03 v1.0q Standard LaTeX Graphics (DPC,SPQR)

(/usr/share/texlive/texmf-dist/tex/latex/graphics/trig.sty
Package: trig 2016/01/03 v1.10 sin cos tan (DPC)
)
(/usr/share/texlive/texmf-dist/tex/latex/latexconfig/graphics.cfg
File: graphics.cfg 2010/04/23 v1.9 graphics configuration of TeX Live
)
Package graphics Info: Driver file: pdftex.def on input line 95.

(/usr/share/texlive/texmf-dist/tex/latex/pdftex-def/pdftex.def
File: pdftex.def 2011/05/27 v0.06d Graphics/color for pdfTeX

(/usr/share/texlive/texmf-dist/tex/generic/oberdiek/infwarerr.sty
Package: infwarerr 2010/04/08 v1.3 Providing info/warning/error messages (HO)
)
(/usr/share/texlive/texmf-dist/tex/generic/oberdiek/ltxcmds.sty
Package: ltxcmds 2011/11/09 v1.22 LaTeX kernel commands for general use (HO)
)
\Gread@gobject=\count122
))
\Gin@req@height=\dimen122
\Gin@req@width=\dimen123
)
(/usr/share/texlive/texmf-dist/tex/latex/tools/dcolumn.sty
Package: dcolumn 2014/10/28 v1.06 decimal alignment package (DPC)

(/usr/share/texlive/texmf-dist/tex/latex/tools/array.sty
Package: array 2014/10/28 v2.4c Tabular extension package (FMi)
\col@sep=\dimen124
\extrarowheight=\dimen125
\NC@list=\toks21
\extratabsurround=\skip47
\backup@length=\skip48
)) (./ws-rotating.sty
Package: ws-rotating 1997/09/26, v2.13 Rotation package

(/usr/share/texlive/texmf-dist/tex/latex/base/ifthen.sty
Package: ifthen 2014/09/29 v1.1c Standard LaTeX ifthen package (DPC)
)
\c@r@tfl@t=\count123
\rot@float@box=\box30
)
(/usr/share/texlive/texmf-dist/tex/latex/natbib/natbib.sty
Package: natbib 2010/09/13 8.31b (PWD, AO)
\bibhang=\skip49
\bibsep=\skip50
LaTeX Info: Redefining \cite on input line 694.
LaTeX Info: Redefining \citeauthor on input line 712.
LaTeX Info: Redefining \citeyear on input line 735.
\c@NAT@ctr=\count124
)
(/usr/share/texlive/texmf-dist/tex/latex/url/url.sty
\Urlmuskip=\muskip11
Package: url 2013/09/16  ver 3.4  Verb mode for urls, etc.
))
(/usr/share/texlive/texmf-dist/tex/latex/base/inputenc.sty
Package: inputenc 2015/03/17 v1.2c Input encoding file
\inpenc@prehook=\toks22
\inpenc@posthook=\toks23

(/usr/share/texlive/texmf-dist/tex/latex/base/latin9.def
File: latin9.def 2015/03/17 v1.2c Input encoding file
))
(/usr/share/texlive/texmf-dist/tex/latex/hyperref/hyperref.sty
Package: hyperref 2012/11/06 v6.83m Hypertext links for LaTeX

(/usr/share/texlive/texmf-dist/tex/generic/oberdiek/hobsub-hyperref.sty
Package: hobsub-hyperref 2012/05/28 v1.13 Bundle oberdiek, subset hyperref (HO)


(/usr/share/texlive/texmf-dist/tex/generic/oberdiek/hobsub-generic.sty
Package: hobsub-generic 2012/05/28 v1.13 Bundle oberdiek, subset generic (HO)
Package: hobsub 2012/05/28 v1.13 Construct package bundles (HO)
Package hobsub Info: Skipping package `infwarerr' (already loaded).
Package hobsub Info: Skipping package `ltxcmds' (already loaded).
Package: ifluatex 2010/03/01 v1.3 Provides the ifluatex switch (HO)
Package ifluatex Info: LuaTeX not detected.
Package: ifvtex 2010/03/01 v1.5 Detect VTeX and its facilities (HO)
Package ifvtex Info: VTeX not detected.
Package: intcalc 2007/09/27 v1.1 Expandable calculations with integers (HO)
Package: ifpdf 2011/01/30 v2.3 Provides the ifpdf switch (HO)
Package ifpdf Info: pdfTeX in PDF mode is detected.
Package: etexcmds 2011/02/16 v1.5 Avoid name clashes with e-TeX commands (HO)
Package etexcmds Info: Could not find \expanded.
(etexcmds)             That can mean that you are not using pdfTeX 1.50 or
(etexcmds)             that some package has redefined \expanded.
(etexcmds)             In the latter case, load this package earlier.
Package: kvsetkeys 2012/04/25 v1.16 Key value parser (HO)
Package: kvdefinekeys 2011/04/07 v1.3 Define keys (HO)
Package: pdftexcmds 2011/11/29 v0.20 Utility functions of pdfTeX for LuaTeX (HO
)
Package pdftexcmds Info: LuaTeX not detected.
Package pdftexcmds Info: \pdf@primitive is available.
Package pdftexcmds Info: \pdf@ifprimitive is available.
Package pdftexcmds Info: \pdfdraftmode found.
Package: pdfescape 2011/11/25 v1.13 Implements pdfTeX's escape features (HO)
Package: bigintcalc 2012/04/08 v1.3 Expandable calculations on big integers (HO
)
Package: bitset 2011/01/30 v1.1 Handle bit-vector datatype (HO)
Package: uniquecounter 2011/01/30 v1.2 Provide unlimited unique counter (HO)
)
Package hobsub Info: Skipping package `hobsub' (already loaded).
Package: letltxmacro 2010/09/02 v1.4 Let assignment for LaTeX macros (HO)
Package: hopatch 2012/05/28 v1.2 Wrapper for package hooks (HO)
Package: xcolor-patch 2011/01/30 xcolor patch
Package: atveryend 2011/06/30 v1.8 Hooks at the very end of document (HO)
Package atveryend Info: \enddocument detected (standard20110627).
Package: atbegshi 2011/10/05 v1.16 At begin shipout hook (HO)
Package: refcount 2011/10/16 v3.4 Data extraction from label references (HO)
Package: hycolor 2011/01/30 v1.7 Color options for hyperref/bookmark (HO)
)
(/usr/share/texlive/texmf-dist/tex/generic/ifxetex/ifxetex.sty
Package: ifxetex 2010/09/12 v0.6 Provides ifxetex conditional
)
(/usr/share/texlive/texmf-dist/tex/latex/oberdiek/auxhook.sty
Package: auxhook 2011/03/04 v1.3 Hooks for auxiliary files (HO)
)
(/usr/share/texlive/texmf-dist/tex/latex/oberdiek/kvoptions.sty
Package: kvoptions 2011/06/30 v3.11 Key value format for package options (HO)
)
\@linkdim=\dimen126
\Hy@linkcounter=\count125
\Hy@pagecounter=\count126

(/usr/share/texlive/texmf-dist/tex/latex/hyperref/pd1enc.def
File: pd1enc.def 2012/11/06 v6.83m Hyperref: PDFDocEncoding definition (HO)
)
\Hy@SavedSpaceFactor=\count127

(/usr/share/texlive/texmf-dist/tex/latex/latexconfig/hyperref.cfg
File: hyperref.cfg 2002/06/06 v1.2 hyperref configuration of TeXLive
)
Package hyperref Info: Option `breaklinks' set `true' on input line 4319.
Package hyperref Info: Option `colorlinks' set `true' on input line 4319.
Package hyperref Info: Hyper figures OFF on input line 4443.
Package hyperref Info: Link nesting OFF on input line 4448.
Package hyperref Info: Hyper index ON on input line 4451.
Package hyperref Info: Plain pages OFF on input line 4458.
Package hyperref Info: Backreferencing OFF on input line 4463.
Package hyperref Info: Implicit mode ON; LaTeX internals redefined.
Package hyperref Info: Bookmarks ON on input line 4688.
\c@Hy@tempcnt=\count128
LaTeX Info: Redefining \url on input line 5041.
\XeTeXLinkMargin=\dimen127
\Fld@menulength=\count129
\Field@Width=\dimen128
\Fld@charsize=\dimen129
Package hyperref Info: Hyper figures OFF on input line 6295.
Package hyperref Info: Link nesting OFF on input line 6300.
Package hyperref Info: Hyper index ON on input line 6303.
Package hyperref Info: backreferencing OFF on input line 6310.
Package hyperref Info: Link coloring ON on input line 6313.
Package hyperref Info: Link coloring with OCG OFF on input line 6320.
Package hyperref Info: PDF/A mode OFF on input line 6325.
LaTeX Info: Redefining \ref on input line 6365.
LaTeX Info: Redefining \pageref on input line 6369.
\Hy@abspage=\count130
\c@Item=\count131
\c@Hfootnote=\count132
)

Package hyperref Message: Driver (autodetected): hpdftex.

(/usr/share/texlive/texmf-dist/tex/latex/hyperref/hpdftex.def
File: hpdftex.def 2012/11/06 v6.83m Hyperref driver for pdfTeX
\Fld@listcount=\count133
\c@bookmark@seq@number=\count134

(/usr/share/texlive/texmf-dist/tex/latex/oberdiek/rerunfilecheck.sty
Package: rerunfilecheck 2011/04/15 v1.7 Rerun checks for auxiliary files (HO)
Package uniquecounter Info: New unique counter `rerunfilecheck' on input line 2
82.
)
\Hy@SectionHShift=\skip51
)
(/usr/share/texlive/texmf-dist/tex/latex/subfigure/subfigure.sty
Package: subfigure 2002/03/15 v2.1.5 subfigure package
\subfigtopskip=\skip52
\subfigcapskip=\skip53
\subfigcaptopadj=\dimen130
\subfigbottomskip=\skip54
\subfigcapmargin=\dimen131
\subfiglabelskip=\skip55
\c@subfigure=\count135
\c@lofdepth=\count136
\c@subtable=\count137
\c@lotdepth=\count138

****************************************
* Local config file subfigure.cfg used *
****************************************
(/usr/share/texlive/texmf-dist/tex/latex/subfigure/subfigure.cfg)
\subfig@top=\skip56
\subfig@bottom=\skip57
)
(/usr/share/texlive/texmf-dist/tex/latex/graphics/color.sty
Package: color 2016/01/03 v1.1b Standard LaTeX Color (DPC)

(/usr/share/texlive/texmf-dist/tex/latex/latexconfig/color.cfg
File: color.cfg 2007/01/18 v1.5 color configuration of teTeX/TeXLive
)
Package color Info: Driver file: pdftex.def on input line 143.
)
(./threeparttable.sty
Package: threeparttable 2003/06/13  v 3.0
\@tempboxb=\box31
) (build/Tianlai_correlator.aux)
\openout1 = `Tianlai_correlator.aux'.

LaTeX Font Info:    Checking defaults for OML/cmm/m/it on input line 20.
LaTeX Font Info:    ... okay on input line 20.
LaTeX Font Info:    Checking defaults for T1/cmr/m/n on input line 20.
LaTeX Font Info:    ... okay on input line 20.
LaTeX Font Info:    Checking defaults for OT1/cmr/m/n on input line 20.
LaTeX Font Info:    ... okay on input line 20.
LaTeX Font Info:    Checking defaults for OMS/cmsy/m/n on input line 20.
LaTeX Font Info:    ... okay on input line 20.
LaTeX Font Info:    Checking defaults for OMX/cmex/m/n on input line 20.
LaTeX Font Info:    ... okay on input line 20.
LaTeX Font Info:    Checking defaults for U/cmr/m/n on input line 20.
LaTeX Font Info:    ... okay on input line 20.
LaTeX Font Info:    Checking defaults for PD1/pdf/m/n on input line 20.
LaTeX Font Info:    ... okay on input line 20.

(/usr/share/texlive/texmf-dist/tex/context/base/supp-pdf.mkii
[Loading MPS to PDF converter (version 2006.09.02).]
\scratchcounter=\count139
\scratchdimen=\dimen132
\scratchbox=\box32
\nofMPsegments=\count140
\nofMParguments=\count141
\everyMPshowfont=\toks24
\MPscratchCnt=\count142
\MPscratchDim=\dimen133
\MPnumerator=\count143
\makeMPintoPDFobject=\count144
\everyMPtoPDFconversion=\toks25
) (/usr/share/texlive/texmf-dist/tex/latex/oberdiek/epstopdf-base.sty
Package: epstopdf-base 2010/02/09 v2.5 Base part for package epstopdf

(/usr/share/texlive/texmf-dist/tex/latex/oberdiek/grfext.sty
Package: grfext 2010/08/19 v1.1 Manage graphics extensions (HO)
)
Package grfext Info: Graphics extension search list:
(grfext)             [.png,.pdf,.jop,.eps]
(grfext)             \AppendGraphicsExtensions on input line 452.

(/usr/share/texlive/texmf-dist/tex/latex/latexconfig/epstopdf-sys.cfg
File: epstopdf-sys.cfg 2010/07/13 v1.3 Configuration of (r)epstopdf for TeX Liv
e
))
\AtBeginShipoutBox=\box33


Package hyperref Warning: Height of page (\paperheight) is invalid (0.0pt),
(hyperref)                using 11in.

Package hyperref Info: Link coloring ON on input line 20.
(/usr/share/texlive/texmf-dist/tex/latex/hyperref/nameref.sty
Package: nameref 2012/10/27 v2.43 Cross-referencing by name of section

(/usr/share/texlive/texmf-dist/tex/generic/oberdiek/gettitlestring.sty
Package: gettitlestring 2010/12/03 v1.4 Cleanup title references (HO)
)
\c@section@level=\count145
)
LaTeX Info: Redefining \ref on input line 20.
LaTeX Info: Redefining \pageref on input line 20.
LaTeX Info: Redefining \nameref on input line 20.

(build/Tianlai_correlator.out) (build/Tianlai_correlator.out)
\@outlinefile=\write3
\openout3 = `Tianlai_correlator.out'.

LaTeX Font Info:    Try loading font information for U+msa on input line 41.

(/usr/share/texlive/texmf-dist/tex/latex/amsfonts/umsa.fd
File: umsa.fd 2013/01/14 v3.01 AMS symbols A
)
LaTeX Font Info:    Try loading font information for U+msb on input line 41.

(/usr/share/texlive/texmf-dist/tex/latex/amsfonts/umsb.fd
File: umsb.fd 2013/01/14 v3.01 AMS symbols B
)

Package hyperref Warning: Ignoring empty anchor on input line 41.


Package natbib Warning: Citation `1986isra.book.....T' on page 1 undefined on i
nput line 61.


Package natbib Warning: Citation `2016JAI.....502002P' on page 1 undefined on i
nput line 61.


Package natbib Warning: Citation `2012IJMPS..12..256C' on page 1 undefined on i
nput line 63.

<./picture/Tianlai.jpg, id=78, 903.375pt x 476.78125pt>
File: ./picture/Tianlai.jpg Graphic file (type jpg)

<use ./picture/Tianlai.jpg>
Package pdftex.def Info: ./picture/Tianlai.jpg used on input line 70.
(pdftex.def)             Requested size: 455.2979pt x 240.30338pt.


Package natbib Warning: Citation `2010AJ....139.1468P' on page 1 undefined on i
nput line 77.


Package natbib Warning: Citation `2008PASP..120.1207P' on page 1 undefined on i
nput line 77.

[1{/var/lib/texmf/fonts/map/pdftex/updmap/pdftex.map}]
Package epstopdf Info: Source file: <./picture/structure1.eps>
(epstopdf)                    date: 2017-10-24 13:49:02
(epstopdf)                    size: 6936330 bytes
(epstopdf)             Output file: <./picture/structure1-eps-converted-to.pdf>

(epstopdf)                    date: 2017-10-24 13:49:31
(epstopdf)                    size: 281221 bytes
(epstopdf)             Command: <repstopdf --outfile=./picture/structure1-eps-c
onverted-to.pdf ./picture/structure1.eps>
(epstopdf)             \includegraphics on input line 86.
Package epstopdf Info: Output file is already uptodate.

<./picture/structure1-eps-converted-to.pdf, id=100, 1229.59375pt x 934.49126pt>
File: ./picture/structure1-eps-converted-to.pdf Graphic file (type pdf)
<use ./picture/structure1-eps-converted-to.pdf>
Package pdftex.def Info: ./picture/structure1-eps-converted-to.pdf used on inpu
t line 86.
(pdftex.def)             Requested size: 455.2979pt x 346.02728pt.
 [2 <./picture/Tianlai.jpg>]

Package natbib Warning: Citation `paper_correlator' on page 3 undefined on inpu
t line 94.

[3 <./picture/structure1-eps-converted-to.pdf>]
Package epstopdf Info: Source file: <./picture/f-engine1.eps>
(epstopdf)                    date: 2017-10-24 13:50:48
(epstopdf)                    size: 4081381 bytes
(epstopdf)             Output file: <./picture/f-engine1-eps-converted-to.pdf>
(epstopdf)                    date: 2017-10-24 13:53:17
(epstopdf)                    size: 60333 bytes
(epstopdf)             Command: <repstopdf --outfile=./picture/f-engine1-eps-co
nverted-to.pdf ./picture/f-engine1.eps>
(epstopdf)             \includegraphics on input line 98.
Package epstopdf Info: Output file is already uptodate.

<./picture/f-engine1-eps-converted-to.pdf, id=119, 483.8075pt x 322.20375pt>
File: ./picture/f-engine1-eps-converted-to.pdf Graphic file (type pdf)

<use ./picture/f-engine1-eps-converted-to.pdf>
Package pdftex.def Info: ./picture/f-engine1-eps-converted-to.pdf used on input
 line 98.
(pdftex.def)             Requested size: 455.2979pt x 303.23045pt.
Package epstopdf Info: Source file: <./picture/transpose.eps>
(epstopdf)                    date: 2017-10-24 13:51:27
(epstopdf)                    size: 1687339 bytes
(epstopdf)             Output file: <./picture/transpose-eps-converted-to.pdf>
(epstopdf)                    date: 2017-10-24 13:53:18
(epstopdf)                    size: 22298 bytes
(epstopdf)             Command: <repstopdf --outfile=./picture/transpose-eps-co
nverted-to.pdf ./picture/transpose.eps>
(epstopdf)             \includegraphics on input line 108.
Package epstopdf Info: Output file is already uptodate.

<./picture/transpose-eps-converted-to.pdf, id=120, 756.8275pt x 368.37625pt>
File: ./picture/transpose-eps-converted-to.pdf Graphic file (type pdf)

<use ./picture/transpose-eps-converted-to.pdf>
Package pdftex.def Info: ./picture/transpose-eps-converted-to.pdf used on input
 line 108.
(pdftex.def)             Requested size: 455.2979pt x 221.61201pt.
Package epstopdf Info: Source file: <./picture/transpose2.eps>
(epstopdf)                    date: 2017-10-24 13:52:45
(epstopdf)                    size: 1927853 bytes
(epstopdf)             Output file: <./picture/transpose2-eps-converted-to.pdf>

(epstopdf)                    date: 2017-10-24 13:53:20
(epstopdf)                    size: 16733 bytes
(epstopdf)             Command: <repstopdf --outfile=./picture/transpose2-eps-c
onverted-to.pdf ./picture/transpose2.eps>
(epstopdf)             \includegraphics on input line 121.
Package epstopdf Info: Output file is already uptodate.

<./picture/transpose2-eps-converted-to.pdf, id=123, 766.865pt x 415.5525pt>
File: ./picture/transpose2-eps-converted-to.pdf Graphic file (type pdf)

<use ./picture/transpose2-eps-converted-to.pdf>
Package pdftex.def Info: ./picture/transpose2-eps-converted-to.pdf used on inpu
t line 121.
(pdftex.def)             Requested size: 455.2979pt x 246.72101pt.
 [4 <./picture/f-engine1-eps-converted-to.pdf>] [5 <./picture/transpose-eps-con
verted-to.pdf> <./picture/transpose2-eps-converted-to.pdf>]
Package epstopdf Info: Source file: <./picture/1pps_sync.eps>
(epstopdf)                    date: 2017-10-24 13:51:51
(epstopdf)                    size: 3911900 bytes
(epstopdf)             Output file: <./picture/1pps_sync-eps-converted-to.pdf>
(epstopdf)                    date: 2017-10-24 13:53:22
(epstopdf)                    size: 33874 bytes
(epstopdf)             Command: <repstopdf --outfile=./picture/1pps_sync-eps-co
nverted-to.pdf ./picture/1pps_sync.eps>
(epstopdf)             \includegraphics on input line 144.
Package epstopdf Info: Output file is already uptodate.

<./picture/1pps_sync-eps-converted-to.pdf, id=147, 902.37125pt x 717.68124pt>
File: ./picture/1pps_sync-eps-converted-to.pdf Graphic file (type pdf)

<use ./picture/1pps_sync-eps-converted-to.pdf>
Package pdftex.def Info: ./picture/1pps_sync-eps-converted-to.pdf used on input
 line 144.
(pdftex.def)             Requested size: 252.94499pt x 201.1684pt.


Package natbib Warning: Citation `2013IJHPC..27..178C' on page 6 undefined on i
nput line 151.

Package epstopdf Info: Source file: <./picture/hashpipe.eps>
(epstopdf)                    date: 2017-10-24 13:51:11
(epstopdf)                    size: 6420873 bytes
(epstopdf)             Output file: <./picture/hashpipe-eps-converted-to.pdf>
(epstopdf)                    date: 2017-10-24 13:53:26
(epstopdf)                    size: 52993 bytes
(epstopdf)             Command: <repstopdf --outfile=./picture/hashpipe-eps-con
verted-to.pdf ./picture/hashpipe.eps>
(epstopdf)             \includegraphics on input line 161.
Package epstopdf Info: Output file is already uptodate.
<./picture/hashpipe-eps-converted-to.pdf, id=151, 632.3625pt x 387.4475pt>
File: ./picture/hashpipe-eps-converted-to.pdf Graphic file (type pdf)

<use ./picture/hashpipe-eps-converted-to.pdf>
Package pdftex.def Info: ./picture/hashpipe-eps-converted-to.pdf used on input 
line 161.
(pdftex.def)             Requested size: 354.12144pt x 216.97502pt.
 [6 <./picture/1pps_sync-eps-converted-to.pdf>]
Package epstopdf Info: Source file: <./picture/Packet.eps>
(epstopdf)                    date: 2017-10-24 13:50:14
(epstopdf)                    size: 4071574 bytes
(epstopdf)             Output file: <./picture/Packet-eps-converted-to.pdf>
(epstopdf)                    date: 2017-10-24 13:53:28
(epstopdf)                    size: 57243 bytes
(epstopdf)             Command: <repstopdf --outfile=./picture/Packet-eps-conve
rted-to.pdf ./picture/Packet.eps>
(epstopdf)             \includegraphics on input line 170.
Package epstopdf Info: Output file is already uptodate.

<./picture/Packet-eps-converted-to.pdf, id=163, 1243.64626pt x 542.025pt>
File: ./picture/Packet-eps-converted-to.pdf Graphic file (type pdf)

<use ./picture/Packet-eps-converted-to.pdf>
Package pdftex.def Info: ./picture/Packet-eps-converted-to.pdf used on input li
ne 170.
(pdftex.def)             Requested size: 455.2979pt x 198.43709pt.
 [7 <./picture/hashpipe-eps-converted-to.pdf>]
Package epstopdf Info: Source file: <./picture/Network.eps>
(epstopdf)                    date: 2017-10-24 13:50:58
(epstopdf)                    size: 5256246 bytes
(epstopdf)             Output file: <./picture/Network-eps-converted-to.pdf>
(epstopdf)                    date: 2017-10-24 13:53:39
(epstopdf)                    size: 275176 bytes
(epstopdf)             Command: <repstopdf --outfile=./picture/Network-eps-conv
erted-to.pdf ./picture/Network.eps>
(epstopdf)             \includegraphics on input line 185.
Package epstopdf Info: Output file is already uptodate.

<./picture/Network-eps-converted-to.pdf, id=179, 1383.1675pt x 629.35126pt>
File: ./picture/Network-eps-converted-to.pdf Graphic file (type pdf)

<use ./picture/Network-eps-converted-to.pdf>
Package pdftex.def Info: ./picture/Network-eps-converted-to.pdf used on input l
ine 185.
(pdftex.def)             Requested size: 455.2979pt x 207.15839pt.
 [8 <./picture/Packet-eps-converted-to.pdf> <./picture/Network-eps-converted-to
.pdf>]
Package epstopdf Info: Source file: <./picture/sun.eps>
(epstopdf)                    date: 2017-10-24 13:54:00
(epstopdf)                    size: 12038052 bytes
(epstopdf)             Output file: <./picture/sun-eps-converted-to.pdf>
(epstopdf)                    date: 2017-10-24 13:54:36
(epstopdf)                    size: 468890 bytes
(epstopdf)             Command: <repstopdf --outfile=./picture/sun-eps-converte
d-to.pdf ./picture/sun.eps>
(epstopdf)             \includegraphics on input line 211.
Package epstopdf Info: Output file is already uptodate.

<./picture/sun-eps-converted-to.pdf, id=193, 1589.94pt x 650.43pt>
File: ./picture/sun-eps-converted-to.pdf Graphic file (type pdf)

<use ./picture/sun-eps-converted-to.pdf>
Package pdftex.def Info: ./picture/sun-eps-converted-to.pdf used on input line 
211.
(pdftex.def)             Requested size: 455.2979pt x 186.25777pt.
 (./Tianlai_correlator.bbl

Package natbib Warning: Empty `thebibliography' environment on input line 11.

)

Package natbib Warning: There were undefined citations.

Package atveryend Info: Empty hook `BeforeClearDocument' on input line 222.
[9] [10 <./picture/sun-eps-converted-to.pdf>]
Package atveryend Info: Empty hook `AfterLastShipout' on input line 222.
 (build/Tianlai_correlator.aux)
Package atveryend Info: Executing hook `AtVeryEndDocument' on input line 222.
Package atveryend Info: Executing hook `AtEndAfterFileList' on input line 222.
Package rerunfilecheck Info: File `Tianlai_correlator.out' has not changed.
(rerunfilecheck)             Checksum: E7ECCE3F66D4672F4E0120678439055B;1000.
Package atveryend Info: Empty hook `AtVeryVeryEnd' on input line 222.
 ) 
Here is how much of TeX's memory you used:
 7112 strings out of 494910
 100477 string characters out of 6179837
 191456 words of memory out of 5000000
 10250 multiletter control sequences out of 15000+600000
 16535 words of font info for 62 fonts, out of 8000000 for 9000
 36 hyphenation exceptions out of 8191
 34i,7n,28p,1654b,333s stack positions out of 5000i,500n,10000p,200000b,80000s
</usr/share/texlive/texmf-dist/fonts/type1/public/amsfonts/cm/cmbx10.pfb></us
r/share/texlive/texmf-dist/fonts/type1/public/amsfonts/cm/cmbx9.pfb></usr/share
/texlive/texmf-dist/fonts/type1/public/amsfonts/cm/cmbxti10.pfb></usr/share/tex
live/texmf-dist/fonts/type1/public/amsfonts/cm/cmmi10.pfb></usr/share/texlive/t
exmf-dist/fonts/type1/public/amsfonts/cm/cmmi6.pfb></usr/share/texlive/texmf-di
st/fonts/type1/public/amsfonts/cm/cmmi8.pfb></usr/share/texlive/texmf-dist/font
s/type1/public/amsfonts/cm/cmmi9.pfb></usr/share/texlive/texmf-dist/fonts/type1
/public/amsfonts/cm/cmr10.pfb></usr/share/texlive/texmf-dist/fonts/type1/public
/amsfonts/cm/cmr6.pfb></usr/share/texlive/texmf-dist/fonts/type1/public/amsfont
s/cm/cmr7.pfb></usr/share/texlive/texmf-dist/fonts/type1/public/amsfonts/cm/cmr
8.pfb></usr/share/texlive/texmf-dist/fonts/type1/public/amsfonts/cm/cmr9.pfb></
usr/share/texlive/texmf-dist/fonts/type1/public/amsfonts/cm/cmsy10.pfb></usr/sh
are/texlive/texmf-dist/fonts/type1/public/amsfonts/cm/cmsy7.pfb></usr/share/tex
live/texmf-dist/fonts/type1/public/amsfonts/cm/cmsy8.pfb></usr/share/texlive/te
xmf-dist/fonts/type1/public/amsfonts/cm/cmti10.pfb></usr/share/texlive/texmf-di
st/fonts/type1/public/amsfonts/cm/cmti8.pfb></usr/share/texlive/texmf-dist/font
s/type1/public/amsfonts/cm/cmti9.pfb>
Output written on build/Tianlai_correlator.pdf (10 pages, 1646256 bytes).
PDF statistics:
 280 PDF objects out of 1000 (max. 8388607)
 228 compressed objects within 3 object streams
 43 named destinations out of 1000 (max. 500000)
 179 words of extra memory for PDF output out of 10000 (max. 10000000)

